Using pre-set license
Built from '2020.2/release' branch; Version is '2020.2.1f1 (270dd8c3da1c) revision 2559448'; Using compiler version '192528614'; Build Type 'Release'
OS: 'Windows 10  (10.0.0) 64bit' Language: 'en' Physical Memory: 8104 MB
BatchMode: 1, IsHumanControllingUs: 0, StartBugReporterOnCrash: 0, Is64bit: 1, IsPro: 0

 COMMAND LINE ARGUMENTS:
D:\Unity\2020.2.1f1\Editor\Unity.exe
-adb2
-batchMode
-noUpm
-name
AssetImportWorker3
-projectPath
D:/Main Folder/Game Dev/unity_projects/unity_final/The-Smallest-Mailman/mailman
-logFile
Logs/AssetImportWorker3.log
-srvPort
49569
Successfully changed project path to: D:/Main Folder/Game Dev/unity_projects/unity_final/The-Smallest-Mailman/mailman
D:/Main Folder/Game Dev/unity_projects/unity_final/The-Smallest-Mailman/mailman
Using Asset Import Pipeline V2.
Refreshing native plugins compatible for Editor in 177.89 ms, found 1 plugins.
Preloading 0 native plugins for Editor in 0.00 ms.
Initialize engine version: 2020.2.1f1 (270dd8c3da1c)
[Subsystems] Discovering subsystems at path D:/Unity/2020.2.1f1/Editor/Data/Resources/UnitySubsystems
[Subsystems] Discovering subsystems at path D:/Main Folder/Game Dev/unity_projects/unity_final/The-Smallest-Mailman/mailman/Assets
GfxDevice: creating device client; threaded=0
Direct3D:
    Version:  Direct3D 11.0 [level 11.0]
    Renderer: NVIDIA GeForce GTX 560 Ti (ID=0x1200)
    Vendor:   
    VRAM:     969 MB
    Driver:   23.21.13.9135
Shader 'Universal Render Pipeline/Particles/Lit': fallback shader 'Universal Render Pipeline/Particles/SimpleLit' not found
Initialize mono
Mono path[0] = 'D:/Unity/2020.2.1f1/Editor/Data/Managed'
Mono path[1] = 'D:/Unity/2020.2.1f1/Editor/Data/MonoBleedingEdge/lib/mono/unityjit'
Mono config path = 'D:/Unity/2020.2.1f1/Editor/Data/MonoBleedingEdge/etc'
Using monoOptions --debugger-agent=transport=dt_socket,embedding=1,server=y,suspend=n,address=127.0.0.1:56152
Begin MonoManager ReloadAssembly
Registering precompiled unity dll's ...
Register platform support module: D:/Unity/2020.2.1f1/Editor/Data/PlaybackEngines/WebGLSupport/UnityEditor.WebGL.Extensions.dll
Register platform support module: D:/Unity/2020.2.1f1/Editor/Data/PlaybackEngines/WindowsStandaloneSupport/UnityEditor.WindowsStandalone.Extensions.dll
Registered in 0.001581 seconds.
Native extension for WindowsStandalone target not found
Native extension for WebGL target not found
Refreshing native plugins compatible for Editor in 86.70 ms, found 1 plugins.
Preloading 0 native plugins for Editor in 0.00 ms.
Invoked RoslynAnalysisRunner static constructor.
RoslynAnalysisRunner will not be running.
RoslynAnalysisRunner has terminated.
Mono: successfully reloaded assembly
- Completed reload, in 11.498 seconds
Platform modules already initialized, skipping
Registering precompiled user dll's ...
Registered in 0.001671 seconds.
Begin MonoManager ReloadAssembly
Native extension for WindowsStandalone target not found
Native extension for WebGL target not found
Refreshing native plugins compatible for Editor in 90.46 ms, found 1 plugins.
Preloading 0 native plugins for Editor in 0.00 ms.
Invoked RoslynAnalysisRunner static constructor.
RoslynAnalysisRunner will not be running.
RoslynAnalysisRunner has terminated.
Mono: successfully reloaded assembly
- Completed reload, in  1.980 seconds
Platform modules already initialized, skipping
========================================================================
Worker process is ready to serve import requests
Shader 'Universal Render Pipeline/Particles/Lit': fallback shader 'Universal Render Pipeline/Particles/SimpleLit' not found
Launched and connected shader compiler UnityShaderCompiler.exe after 0.10 seconds
Refreshing native plugins compatible for Editor in 0.68 ms, found 1 plugins.
Preloading 0 native plugins for Editor in 0.00 ms.
Unloading 2886 Unused Serialized files (Serialized files now loaded: 0)
System memory in use before: 126.7 MB.
System memory in use after: 126.8 MB.

Unloading 25 unused Assets to reduce memory usage. Loaded Objects now: 3326.
Total: 2.870900 ms (FindLiveObjects: 0.315300 ms CreateObjectMapping: 0.151900 ms MarkObjects: 2.264600 ms  DeleteObjects: 0.137500 ms)

========================================================================
Received Import Request.
  path: Packages/com.unity.searcher/Editor/Resources/FlatSkin/Font/Roboto-BoldItalic.ttf
  artifactKey: Guid(dfb97a9307a577a41bcacba34b9a7e32) Importer(815301076,1909f56bfc062723c751e8b465ee728b)
Start importing Packages/com.unity.searcher/Editor/Resources/FlatSkin/Font/Roboto-BoldItalic.ttf using Guid(dfb97a9307a577a41bcacba34b9a7e32) Importer(815301076,1909f56bfc062723c751e8b465ee728b)  -> (artifact id: 'e059b6924851840ae95182c47fb59b3a') in 0.726588 seconds
  Import took 0.779691 seconds .

========================================================================
Received Import Request.
  Time since last request: 0.000321 seconds.
  path: Packages/com.unity.searcher/Editor/Resources/FlatSkin/Font/Roboto-Thin.ttf
  artifactKey: Guid(19a9abb883540be48b75b951a927ae03) Importer(815301076,1909f56bfc062723c751e8b465ee728b)
Start importing Packages/com.unity.searcher/Editor/Resources/FlatSkin/Font/Roboto-Thin.ttf using Guid(19a9abb883540be48b75b951a927ae03) Importer(815301076,1909f56bfc062723c751e8b465ee728b)  -> (artifact id: '95ce4e2c23cfb8e800cdb6a08be5ef4d') in 0.041223 seconds
  Import took 0.062420 seconds .

========================================================================
Received Import Request.
  Time since last request: 0.000269 seconds.
  path: Packages/com.unity.render-pipelines.core/Runtime/Debugging/Prefabs/Fonts/Perfect DOS VGA 437.ttf
  artifactKey: Guid(74a5091d8707f334b9a5c31ef71a64ba) Importer(815301076,1909f56bfc062723c751e8b465ee728b)
Start importing Packages/com.unity.render-pipelines.core/Runtime/Debugging/Prefabs/Fonts/Perfect DOS VGA 437.ttf using Guid(74a5091d8707f334b9a5c31ef71a64ba) Importer(815301076,1909f56bfc062723c751e8b465ee728b)  -> (artifact id: '51d934d90b2825fd4bf47aee73043c2c') in 0.050055 seconds
  Import took 0.075014 seconds .

========================================================================
Received Import Request.
  Time since last request: 0.000245 seconds.
  path: Assets/Art/Kenney.nl/Tappy Plane/Font/kenvector_future_thin.ttf
  artifactKey: Guid(0e47c94764ee0f74497efc5c4e533bbb) Importer(815301076,1909f56bfc062723c751e8b465ee728b)
Start importing Assets/Art/Kenney.nl/Tappy Plane/Font/kenvector_future_thin.ttf using Guid(0e47c94764ee0f74497efc5c4e533bbb) Importer(815301076,1909f56bfc062723c751e8b465ee728b)  -> (artifact id: 'b4491964cdfe9f685a746403b63dd823') in 0.048196 seconds
  Import took 0.075066 seconds .

========================================================================
Received Import Request.
  Time since last request: 0.000266 seconds.
  path: Packages/com.unity.searcher/Editor/Resources/FlatSkin/Font/Roboto-BlackItalic.ttf
  artifactKey: Guid(f95147a9bab9fe649b8070170fa7ebd2) Importer(815301076,1909f56bfc062723c751e8b465ee728b)
Start importing Packages/com.unity.searcher/Editor/Resources/FlatSkin/Font/Roboto-BlackItalic.ttf using Guid(f95147a9bab9fe649b8070170fa7ebd2) Importer(815301076,1909f56bfc062723c751e8b465ee728b)  -> (artifact id: 'eb7814492a3b0280cf60324cac7cef54') in 0.043309 seconds
  Import took 0.058311 seconds .

========================================================================
Received Import Request.
  Time since last request: 0.000225 seconds.
  path: Packages/com.unity.render-pipelines.universal/Runtime/Materials/ParticlesUnlit.mat
  artifactKey: Guid(e823cd5b5d27c0f4b8256e7c12ee3e6d) Importer(815301076,1909f56bfc062723c751e8b465ee728b)
Start importing Packages/com.unity.render-pipelines.universal/Runtime/Materials/ParticlesUnlit.mat using Guid(e823cd5b5d27c0f4b8256e7c12ee3e6d) Importer(815301076,1909f56bfc062723c751e8b465ee728b)  -> (artifact id: 'bcc60868f769a043adf262d7e4341335') in 0.057263 seconds
  Import took 0.063224 seconds .

========================================================================
Received Import Request.
  Time since last request: 0.000315 seconds.
  path: Packages/com.unity.searcher/Editor/Resources/FlatSkin/Font/Roboto-MediumItalic.ttf
  artifactKey: Guid(d93c1bc57fdf1ac4dad1bf04fac05464) Importer(815301076,1909f56bfc062723c751e8b465ee728b)
Start importing Packages/com.unity.searcher/Editor/Resources/FlatSkin/Font/Roboto-MediumItalic.ttf using Guid(d93c1bc57fdf1ac4dad1bf04fac05464) Importer(815301076,1909f56bfc062723c751e8b465ee728b)  -> (artifact id: '5c6a2cdff9533586c5183ac0b9586d2a') in 0.027584 seconds
  Import took 0.039700 seconds .

========================================================================
Received Import Request.
  Time since last request: 0.000353 seconds.
  path: Packages/com.unity.render-pipelines.universal/Runtime/Materials/TerrainLit.mat
  artifactKey: Guid(594ea882c5a793440b60ff72d896021e) Importer(815301076,1909f56bfc062723c751e8b465ee728b)
Start importing Packages/com.unity.render-pipelines.universal/Runtime/Materials/TerrainLit.mat using Guid(594ea882c5a793440b60ff72d896021e) Importer(815301076,1909f56bfc062723c751e8b465ee728b)  -> (artifact id: '74be2b513fecd0ba89cb314580cb3746') in 0.048077 seconds
  Import took 0.076319 seconds .

========================================================================
Received Import Request.
  Time since last request: 0.000211 seconds.
  path: Packages/com.unity.searcher/Editor/Resources/FlatSkin/Font/Roboto-Bold.ttf
  artifactKey: Guid(3750c318f40cab44a97d3a81beaefeb3) Importer(815301076,1909f56bfc062723c751e8b465ee728b)
Start importing Packages/com.unity.searcher/Editor/Resources/FlatSkin/Font/Roboto-Bold.ttf using Guid(3750c318f40cab44a97d3a81beaefeb3) Importer(815301076,1909f56bfc062723c751e8b465ee728b)  -> (artifact id: 'd439ed8a32d468033769e728ceac7719') in 0.053039 seconds
  Import took 0.071444 seconds .

========================================================================
Received Import Request.
  Time since last request: 0.000276 seconds.
  path: Packages/com.unity.render-pipelines.universal/Runtime/Materials/Sprite-Unlit-Default.mat
  artifactKey: Guid(9dfc825aed78fcd4ba02077103263b40) Importer(815301076,1909f56bfc062723c751e8b465ee728b)
Start importing Packages/com.unity.render-pipelines.universal/Runtime/Materials/Sprite-Unlit-Default.mat using Guid(9dfc825aed78fcd4ba02077103263b40) Importer(815301076,1909f56bfc062723c751e8b465ee728b)  -> (artifact id: 'ea658e3edd41ca6a0ef89cd0f5fac5ec') in 0.028597 seconds
  Import took 0.035227 seconds .

========================================================================
Received Import Request.
  Time since last request: 0.000235 seconds.
  path: Assets/Art/Kenney.nl/Space Shooter Redux/SFX/kenvector_future.ttf
  artifactKey: Guid(f9243bcf6a7fc5b4a9ac6db2a241cbdd) Importer(815301076,1909f56bfc062723c751e8b465ee728b)
Start importing Assets/Art/Kenney.nl/Space Shooter Redux/SFX/kenvector_future.ttf using Guid(f9243bcf6a7fc5b4a9ac6db2a241cbdd) Importer(815301076,1909f56bfc062723c751e8b465ee728b)  -> (artifact id: 'd4387a121e10fe29827670b4706577f8') in 0.047065 seconds
  Import took 0.053138 seconds .

========================================================================
Received Import Request.
  Time since last request: 0.000196 seconds.
  path: Packages/com.unity.searcher/Editor/Resources/FlatSkin/Font/Roboto-Italic.ttf
  artifactKey: Guid(c839255fc8f6b4b4d90bf8c1af9f9bd1) Importer(815301076,1909f56bfc062723c751e8b465ee728b)
Start importing Packages/com.unity.searcher/Editor/Resources/FlatSkin/Font/Roboto-Italic.ttf using Guid(c839255fc8f6b4b4d90bf8c1af9f9bd1) Importer(815301076,1909f56bfc062723c751e8b465ee728b)  -> (artifact id: 'd5e23a8a1d7c4cad240f85c55a005eb4') in 0.025715 seconds
  Import took 0.052389 seconds .

========================================================================
Received Import Request.
  Time since last request: 0.000234 seconds.
  path: Packages/com.unity.render-pipelines.universal/Runtime/Materials/SimpleLit.mat
  artifactKey: Guid(6a1143ee683302f4aa628c052723efc1) Importer(815301076,1909f56bfc062723c751e8b465ee728b)
Start importing Packages/com.unity.render-pipelines.universal/Runtime/Materials/SimpleLit.mat using Guid(6a1143ee683302f4aa628c052723efc1) Importer(815301076,1909f56bfc062723c751e8b465ee728b)  -> (artifact id: '52037253107568fdd07cfd024cacc290') in 0.247739 seconds
  Import took 0.265540 seconds .

========================================================================
Received Import Request.
  Time since last request: 0.000282 seconds.
  path: Packages/com.unity.searcher/Editor/Resources/FlatSkin/Font/Roboto-ThinItalic.ttf
  artifactKey: Guid(b2ea3b3f1765e544b9eb5bd1a93a91ce) Importer(815301076,1909f56bfc062723c751e8b465ee728b)
Start importing Packages/com.unity.searcher/Editor/Resources/FlatSkin/Font/Roboto-ThinItalic.ttf using Guid(b2ea3b3f1765e544b9eb5bd1a93a91ce) Importer(815301076,1909f56bfc062723c751e8b465ee728b)  -> (artifact id: 'e0c24f1f6889c791cfea86ad75ab05c1') in 0.058925 seconds
  Import took 0.070881 seconds .

========================================================================
Received Import Request.
  Time since last request: 0.000283 seconds.
  path: Packages/com.unity.searcher/Editor/Resources/FlatSkin/Font/Roboto-Black.ttf
  artifactKey: Guid(1062c701058745940ae5dca6219c64c8) Importer(815301076,1909f56bfc062723c751e8b465ee728b)
Start importing Packages/com.unity.searcher/Editor/Resources/FlatSkin/Font/Roboto-Black.ttf using Guid(1062c701058745940ae5dca6219c64c8) Importer(815301076,1909f56bfc062723c751e8b465ee728b)  -> (artifact id: 'af21f9e1c720dc7862fa870cef411dbe') in 0.053073 seconds
  Import took 0.075014 seconds .

========================================================================
Received Import Request.
  Time since last request: 0.000239 seconds.
  path: Packages/com.unity.searcher/Editor/Resources/FlatSkin/Font/Roboto-Regular.ttf
  artifactKey: Guid(30dc370b164eefc43b95744fc796dad0) Importer(815301076,1909f56bfc062723c751e8b465ee728b)
Start importing Packages/com.unity.searcher/Editor/Resources/FlatSkin/Font/Roboto-Regular.ttf using Guid(30dc370b164eefc43b95744fc796dad0) Importer(815301076,1909f56bfc062723c751e8b465ee728b)  -> (artifact id: '1a53f360a7d7ead172437c6a1f1a69c2') in 0.026454 seconds
  Import took 0.062402 seconds .

========================================================================
Received Import Request.
  Time since last request: 0.000311 seconds.
  path: Packages/com.unity.render-pipelines.universal/Runtime/Materials/Sprite-Lit-Default.mat
  artifactKey: Guid(a97c105638bdf8b4a8650670310a4cd3) Importer(815301076,1909f56bfc062723c751e8b465ee728b)
Start importing Packages/com.unity.render-pipelines.universal/Runtime/Materials/Sprite-Lit-Default.mat using Guid(a97c105638bdf8b4a8650670310a4cd3) Importer(815301076,1909f56bfc062723c751e8b465ee728b)  -> (artifact id: '1d123814914e2697eac270f711e5b871') in 0.030135 seconds
  Import took 0.044322 seconds .

========================================================================
Received Import Request.
  Time since last request: 0.000200 seconds.
  path: Packages/com.unity.render-pipelines.universal/Runtime/Materials/Lit.mat
  artifactKey: Guid(31321ba15b8f8eb4c954353edc038b1d) Importer(815301076,1909f56bfc062723c751e8b465ee728b)
Start importing Packages/com.unity.render-pipelines.universal/Runtime/Materials/Lit.mat using Guid(31321ba15b8f8eb4c954353edc038b1d) Importer(815301076,1909f56bfc062723c751e8b465ee728b)  -> (artifact id: 'ba3edffa4c92ac0bfb49391e51f5d258') in 0.022747 seconds
  Import took 0.030453 seconds .

========================================================================
Received Import Request.
  Time since last request: 0.000215 seconds.
  path: Packages/com.unity.searcher/Editor/Resources/FlatSkin/Font/Roboto-Medium.ttf
  artifactKey: Guid(a51a3aebb43ac044989270407476b208) Importer(815301076,1909f56bfc062723c751e8b465ee728b)
Start importing Packages/com.unity.searcher/Editor/Resources/FlatSkin/Font/Roboto-Medium.ttf using Guid(a51a3aebb43ac044989270407476b208) Importer(815301076,1909f56bfc062723c751e8b465ee728b)  -> (artifact id: 'c0eed8cdcf500829a8b31ad592bd34a8') in 0.025445 seconds
  Import took 0.033347 seconds .

========================================================================
Received Import Request.
  Time since last request: 0.000207 seconds.
  path: Assets/Art/Kenney.nl/Space Shooter Redux/SFX/kenvector_future_thin.ttf
  artifactKey: Guid(922422931eadd74458146ebbe5ac8df1) Importer(815301076,1909f56bfc062723c751e8b465ee728b)
Start importing Assets/Art/Kenney.nl/Space Shooter Redux/SFX/kenvector_future_thin.ttf using Guid(922422931eadd74458146ebbe5ac8df1) Importer(815301076,1909f56bfc062723c751e8b465ee728b)  -> (artifact id: '17a4e6e1370f10e28c262dd6e5ee2fd8') in 0.030559 seconds
  Import took 0.047310 seconds .

========================================================================
Received Import Request.
  Time since last request: 0.000196 seconds.
  path: Packages/com.unity.searcher/Editor/Resources/FlatSkin/Font/Roboto-Light.ttf
  artifactKey: Guid(2a29e27936eb547458f646f71125b264) Importer(815301076,1909f56bfc062723c751e8b465ee728b)
Start importing Packages/com.unity.searcher/Editor/Resources/FlatSkin/Font/Roboto-Light.ttf using Guid(2a29e27936eb547458f646f71125b264) Importer(815301076,1909f56bfc062723c751e8b465ee728b)  -> (artifact id: '72afc57e8ec453b63a3a48be4ea2ef42') in 0.035354 seconds
  Import took 0.041670 seconds .

========================================================================
Received Import Request.
  Time since last request: 0.000196 seconds.
  path: Assets/Art/Kenney.nl/Tappy Plane/Font/kenvector_future.ttf
  artifactKey: Guid(02c8805d3f7df5d41aceb4f9d94b153f) Importer(815301076,1909f56bfc062723c751e8b465ee728b)
Start importing Assets/Art/Kenney.nl/Tappy Plane/Font/kenvector_future.ttf using Guid(02c8805d3f7df5d41aceb4f9d94b153f) Importer(815301076,1909f56bfc062723c751e8b465ee728b)  -> (artifact id: 'dd017b41a77d8142de660792742bab72') in 0.035526 seconds
  Import took 0.045804 seconds .

========================================================================
Received Import Request.
  Time since last request: 0.000201 seconds.
  path: Packages/com.unity.searcher/Editor/Resources/FlatSkin/Font/Roboto-LightItalic.ttf
  artifactKey: Guid(5e63515167650a541b309ba3bfd4db3d) Importer(815301076,1909f56bfc062723c751e8b465ee728b)
Start importing Packages/com.unity.searcher/Editor/Resources/FlatSkin/Font/Roboto-LightItalic.ttf using Guid(5e63515167650a541b309ba3bfd4db3d) Importer(815301076,1909f56bfc062723c751e8b465ee728b)  -> (artifact id: 'd3c9cb1dbf634721926858eebde545fb') in 0.026904 seconds
  Import took 0.033277 seconds .

========================================================================
Received Import Request.
  Time since last request: 35.051048 seconds.
  path: Assets/Prefabs/BasePlanetPrefab.prefab
  artifactKey: Guid(d78c9ec866b6f1342abae8f36f6e9c32) Importer(815301076,1909f56bfc062723c751e8b465ee728b)
Start importing Assets/Prefabs/BasePlanetPrefab.prefab using Guid(d78c9ec866b6f1342abae8f36f6e9c32) Importer(815301076,1909f56bfc062723c751e8b465ee728b)  -> (artifact id: '43c61b4ce2295d6d860ea746b86f33b8') in 0.087360 seconds
  Import took 0.113142 seconds .

========================================================================
Received Import Request.
  Time since last request: 31.185328 seconds.
  path: Assets/URP
  artifactKey: Guid(c5835639c0a230642872c7c164ad82e3) Importer(815301076,1909f56bfc062723c751e8b465ee728b)
Start importing Assets/URP using Guid(c5835639c0a230642872c7c164ad82e3) Importer(815301076,1909f56bfc062723c751e8b465ee728b)  -> (artifact id: '40ef52bd5b417dc09bd534730a0b9ad5') in 0.014488 seconds
  Import took 0.040334 seconds .

========================================================================
Received Import Request.
  Time since last request: 21.211282 seconds.
  path: Assets/URP/Pipeline Asset.asset
  artifactKey: Guid(c8cbea27448d88c4a919598fa2864b64) Importer(815301076,1909f56bfc062723c751e8b465ee728b)
Start importing Assets/URP/Pipeline Asset.asset using Guid(c8cbea27448d88c4a919598fa2864b64) Importer(815301076,1909f56bfc062723c751e8b465ee728b)  -> (artifact id: '65d3bcad8206f953082488e30d86ffca') in 0.608363 seconds
  Import took 0.632228 seconds .

========================================================================
Received Import Request.
  Time since last request: 0.000279 seconds.
  path: Assets/URP/Pipeline Asset_Renderer.asset
  artifactKey: Guid(db84559ad433b954d9d79fd31fc1871d) Importer(815301076,1909f56bfc062723c751e8b465ee728b)
Start importing Assets/URP/Pipeline Asset_Renderer.asset using Guid(db84559ad433b954d9d79fd31fc1871d) Importer(815301076,1909f56bfc062723c751e8b465ee728b)  -> (artifact id: '96c68f7219889f117ca7f83b9e5fb344') in 0.031227 seconds
  Import took 0.045597 seconds .

========================================================================
Received Import Request.
  Time since last request: 14.825115 seconds.
  path: Assets/URP/2D Renderer.asset
  artifactKey: Guid(15421ab7385a7d14da8268819e56fd12) Importer(815301076,1909f56bfc062723c751e8b465ee728b)
Start importing Assets/URP/2D Renderer.asset using Guid(15421ab7385a7d14da8268819e56fd12) Importer(815301076,1909f56bfc062723c751e8b465ee728b)  -> (artifact id: '43e182cc4122a64b3f635a55efbdd42b') in 0.031302 seconds
  Import took 0.038109 seconds .

========================================================================
Received Import Request.
  Time since last request: 0.000646 seconds.
  path: Assets/URP/2D Renderer.asset
  artifactKey: Guid(15421ab7385a7d14da8268819e56fd12) Importer(815301076,1909f56bfc062723c751e8b465ee728b)
Start importing Assets/URP/2D Renderer.asset using Guid(15421ab7385a7d14da8268819e56fd12) Importer(815301076,1909f56bfc062723c751e8b465ee728b)  -> (artifact id: '43e182cc4122a64b3f635a55efbdd42b') in 0.018854 seconds
  Import took 0.035517 seconds .

========================================================================
Received Import Request.
  Time since last request: 7.690339 seconds.
  path: Packages/com.unity.render-pipelines.universal/Runtime/Data/ForwardRendererData.asset
  artifactKey: Guid(618d298269e66c542b306de85db1faea) Importer(815301076,1909f56bfc062723c751e8b465ee728b)
Start importing Packages/com.unity.render-pipelines.universal/Runtime/Data/ForwardRendererData.asset using Guid(618d298269e66c542b306de85db1faea) Importer(815301076,1909f56bfc062723c751e8b465ee728b)  -> (artifact id: '86fa37c9b8d8cf528fd7b2b59961cea9') in 0.033886 seconds
  Import took 0.060707 seconds .

========================================================================
Received Import Request.
  Time since last request: 0.000300 seconds.
  path: Packages/com.unity.render-pipelines.universal/Runtime/Data/PostProcessData.asset
  artifactKey: Guid(41439944d30ece34e96484bdb6645b55) Importer(815301076,1909f56bfc062723c751e8b465ee728b)
Start importing Packages/com.unity.render-pipelines.universal/Runtime/Data/PostProcessData.asset using Guid(41439944d30ece34e96484bdb6645b55) Importer(815301076,1909f56bfc062723c751e8b465ee728b)  -> (artifact id: 'cfe25986fc5f997e18f48c3fe964abce') in 0.021541 seconds
  Import took 0.039291 seconds .

========================================================================
Received Import Request.
  Time since last request: 0.000235 seconds.
  path: Packages/com.unity.render-pipelines.universal/Runtime/Data/UniversalRenderPipelineEditorResources.asset
  artifactKey: Guid(a3d8d823eedde654bb4c11a1cfaf1abb) Importer(815301076,1909f56bfc062723c751e8b465ee728b)
Start importing Packages/com.unity.render-pipelines.universal/Runtime/Data/UniversalRenderPipelineEditorResources.asset using Guid(a3d8d823eedde654bb4c11a1cfaf1abb) Importer(815301076,1909f56bfc062723c751e8b465ee728b)  -> (artifact id: '4cfb4a1eedcea79609b4d79fe8946ec0') in 0.020422 seconds
  Import took 0.027357 seconds .

========================================================================
Received Import Request.
  Time since last request: 0.000285 seconds.
  path: Packages/com.unity.render-pipelines.universal/Runtime/Data/PostProcessData.asset
  artifactKey: Guid(41439944d30ece34e96484bdb6645b55) Importer(815301076,1909f56bfc062723c751e8b465ee728b)
Start importing Packages/com.unity.render-pipelines.universal/Runtime/Data/PostProcessData.asset using Guid(41439944d30ece34e96484bdb6645b55) Importer(815301076,1909f56bfc062723c751e8b465ee728b)  -> (artifact id: 'cfe25986fc5f997e18f48c3fe964abce') in 0.017625 seconds
  Import took 0.024734 seconds .

========================================================================
Received Import Request.
  Time since last request: 0.000226 seconds.
  path: Packages/com.unity.render-pipelines.universal/Runtime/Data/XRSystemData.asset
  artifactKey: Guid(60e1133243b97e347b653163a8c01b64) Importer(815301076,1909f56bfc062723c751e8b465ee728b)
Start importing Packages/com.unity.render-pipelines.universal/Runtime/Data/XRSystemData.asset using Guid(60e1133243b97e347b653163a8c01b64) Importer(815301076,1909f56bfc062723c751e8b465ee728b)  -> (artifact id: '5c76d1b58ac6633b6635afd367552b1f') in 0.009606 seconds
  Import took 0.016149 seconds .

========================================================================
Received Prepare
Shader 'Universal Render Pipeline/Particles/Lit': fallback shader 'Universal Render Pipeline/Particles/SimpleLit' not found
Refreshing native plugins compatible for Editor in 4.20 ms, found 1 plugins.
Preloading 0 native plugins for Editor in 0.00 ms.
Unloading 11 Unused Serialized files (Serialized files now loaded: 0)
System memory in use before: 70.1 MB.
System memory in use after: 70.2 MB.

Unloading 12 unused Assets to reduce memory usage. Loaded Objects now: 3370.
Total: 5.846400 ms (FindLiveObjects: 0.467600 ms CreateObjectMapping: 2.083700 ms MarkObjects: 3.120500 ms  DeleteObjects: 0.173100 ms)

========================================================================
Received Import Request.
  Time since last request: 586.072468 seconds.
  path: Assets/URP/Pipeline Asset.asset
  artifactKey: Guid(c8cbea27448d88c4a919598fa2864b64) Importer(815301076,1909f56bfc062723c751e8b465ee728b)
Start importing Assets/URP/Pipeline Asset.asset using Guid(c8cbea27448d88c4a919598fa2864b64) Importer(815301076,1909f56bfc062723c751e8b465ee728b)  -> (artifact id: '97ccc81f493ac93399593e664ed04c29') in 0.032348 seconds
  Import took 0.057857 seconds .

========================================================================
Received Import Request.
  Time since last request: 77.379949 seconds.
  path: Assets/Art/Topdown Planes
  artifactKey: Guid(ce21239f604eb6445b7065823ce02522) Importer(815301076,1909f56bfc062723c751e8b465ee728b)
Start importing Assets/Art/Topdown Planes using Guid(ce21239f604eb6445b7065823ce02522) Importer(815301076,1909f56bfc062723c751e8b465ee728b)  -> (artifact id: '70fa496b94a4dc0f26f093f8eca4f634') in 0.026908 seconds
  Import took 0.042620 seconds .

========================================================================
Received Import Request.
  Time since last request: 3.055342 seconds.
  path: Assets/Art/Self-Made
  artifactKey: Guid(66f356d641ce3d24f86a81af1e7119a0) Importer(815301076,1909f56bfc062723c751e8b465ee728b)
Start importing Assets/Art/Self-Made using Guid(66f356d641ce3d24f86a81af1e7119a0) Importer(815301076,1909f56bfc062723c751e8b465ee728b)  -> (artifact id: 'f9994dab4e56f572fb41b9da639ffbaa') in 0.022550 seconds
  Import took 0.035168 seconds .

========================================================================
Received Import Request.
  Time since last request: 1.184600 seconds.
  path: Assets/Art/Self-Made/SpaceBG_AI
  artifactKey: Guid(969ba3d4945cbcc47ba150626a45f344) Importer(815301076,1909f56bfc062723c751e8b465ee728b)
Start importing Assets/Art/Self-Made/SpaceBG_AI using Guid(969ba3d4945cbcc47ba150626a45f344) Importer(815301076,1909f56bfc062723c751e8b465ee728b)  -> (artifact id: 'b3d2861e171a2f9858df995ca68a0fbd') in 0.024117 seconds
  Import took 0.035905 seconds .

========================================================================
Received Import Request.
  Time since last request: 69.690021 seconds.
  path: Assets/Art/Self-Made/SpaceBG_AI/Artboard 1.png
  artifactKey: Guid(e14c7e7b9d7f3a2439948ab61f5def89) Importer(815301076,1909f56bfc062723c751e8b465ee728b)
Start importing Assets/Art/Self-Made/SpaceBG_AI/Artboard 1.png using Guid(e14c7e7b9d7f3a2439948ab61f5def89) Importer(815301076,1909f56bfc062723c751e8b465ee728b)  -> (artifact id: '61d114a4a77edb35875f03189b29a599') in 0.159141 seconds
  Import took 0.165658 seconds .

========================================================================
Received Import Request.
  Time since last request: 152.285507 seconds.
  path: Assets/Art/Planets and Background/earth-like.png
  artifactKey: Guid(0aab17f474ae0434eb7aff4a29cc0123) Importer(815301076,1909f56bfc062723c751e8b465ee728b)
Start importing Assets/Art/Planets and Background/earth-like.png using Guid(0aab17f474ae0434eb7aff4a29cc0123) Importer(815301076,1909f56bfc062723c751e8b465ee728b)  -> (artifact id: '26f5842628b287ec985de97cfcc1def7') in 0.046928 seconds
  Import took 0.079306 seconds .

========================================================================
Received Import Request.
  Time since last request: 52.183972 seconds.
  path: Assets/Art/Planets and Background/earth-like.png
  artifactKey: Guid(0aab17f474ae0434eb7aff4a29cc0123) Importer(815301076,1909f56bfc062723c751e8b465ee728b)
Start importing Assets/Art/Planets and Background/earth-like.png using Guid(0aab17f474ae0434eb7aff4a29cc0123) Importer(815301076,1909f56bfc062723c751e8b465ee728b)  -> (artifact id: 'f3f054ac44a49b2c2802470aea66382c') in 0.018633 seconds
  Import took 0.035057 seconds .

========================================================================
Received Import Request.
  Time since last request: 23.373024 seconds.
  path: Assets/Art/Planets and Background/earth-like.png
  artifactKey: Guid(0aab17f474ae0434eb7aff4a29cc0123) Importer(815301076,1909f56bfc062723c751e8b465ee728b)
Start importing Assets/Art/Planets and Background/earth-like.png using Guid(0aab17f474ae0434eb7aff4a29cc0123) Importer(815301076,1909f56bfc062723c751e8b465ee728b)  -> (artifact id: 'f5dbdca23e7a698b2db28c22b6a0a78c') in 0.025931 seconds
  Import took 0.060734 seconds .

========================================================================
Received Import Request.
  Time since last request: 53.574613 seconds.
  path: Assets/URP/New Shader Graph.shadergraph
  artifactKey: Guid(311def31d582cdd4b943619334a2d297) Importer(815301076,1909f56bfc062723c751e8b465ee728b)
Start importing Assets/URP/New Shader Graph.shadergraph using Guid(311def31d582cdd4b943619334a2d297) Importer(815301076,1909f56bfc062723c751e8b465ee728b)  -> (artifact id: '8b02d3b2f0ad1141daca627820821154') in 0.019515 seconds
  Import took 0.045787 seconds .

========================================================================
Received Import Request.
  Time since last request: 0.314977 seconds.
  path: Assets/URP/New Shader Graph.shadergraph
  artifactKey: Guid(311def31d582cdd4b943619334a2d297) Importer(815301076,1909f56bfc062723c751e8b465ee728b)
Start importing Assets/URP/New Shader Graph.shadergraph using Guid(311def31d582cdd4b943619334a2d297) Importer(815301076,1909f56bfc062723c751e8b465ee728b)  -> (artifact id: '8b02d3b2f0ad1141daca627820821154') in 0.008034 seconds
  Import took 0.015474 seconds .

========================================================================
Received Import Request.
  Time since last request: 7.129491 seconds.
  path: Assets/URP/Sprite Glow Unlit.shadergraph
  artifactKey: Guid(311def31d582cdd4b943619334a2d297) Importer(815301076,1909f56bfc062723c751e8b465ee728b)
Start importing Assets/URP/Sprite Glow Unlit.shadergraph using Guid(311def31d582cdd4b943619334a2d297) Importer(815301076,1909f56bfc062723c751e8b465ee728b)  -> (artifact id: 'c307ba129ebc87f437f6a1df73f227f1') in 0.009624 seconds
  Import took 0.018809 seconds .

========================================================================
Received Import Request.
  Time since last request: 135.517161 seconds.
  path: Assets/URP/Sprite Glow.shadergraph
  artifactKey: Guid(eeb0a7a1083db5643804cdac9971e7bd) Importer(815301076,1909f56bfc062723c751e8b465ee728b)
Start importing Assets/URP/Sprite Glow.shadergraph using Guid(eeb0a7a1083db5643804cdac9971e7bd) Importer(815301076,1909f56bfc062723c751e8b465ee728b)  -> (artifact id: '16037fd47a537ddcf1323c9d8bb8424d') in 0.010121 seconds
  Import took 0.039284 seconds .

========================================================================
Received Import Request.
  Time since last request: 0.420561 seconds.
  path: Assets/URP/Sprite Glow.shadergraph
  artifactKey: Guid(eeb0a7a1083db5643804cdac9971e7bd) Importer(815301076,1909f56bfc062723c751e8b465ee728b)
Start importing Assets/URP/Sprite Glow.shadergraph using Guid(eeb0a7a1083db5643804cdac9971e7bd) Importer(815301076,1909f56bfc062723c751e8b465ee728b)  -> (artifact id: '16037fd47a537ddcf1323c9d8bb8424d') in 0.004834 seconds
  Import took 0.013569 seconds .

========================================================================
Received Import Request.
  Time since last request: 86.715173 seconds.
  path: Assets/Art/Planets and Background/earth-like.png
  artifactKey: Guid(0aab17f474ae0434eb7aff4a29cc0123) Importer(815301076,1909f56bfc062723c751e8b465ee728b)
Start importing Assets/Art/Planets and Background/earth-like.png using Guid(0aab17f474ae0434eb7aff4a29cc0123) Importer(815301076,1909f56bfc062723c751e8b465ee728b)  -> (artifact id: '1a35648eda1b11667b39401a05a02cc4') in 0.033539 seconds
  Import took 0.052894 seconds .

========================================================================
Received Import Request.
  Time since last request: 44.335540 seconds.
  path: Assets/URP/UnlitPlanetEmissive.shadergraph
  artifactKey: Guid(3be664cd2dd373f4f90a3b91269a286c) Importer(815301076,1909f56bfc062723c751e8b465ee728b)
Start importing Assets/URP/UnlitPlanetEmissive.shadergraph using Guid(3be664cd2dd373f4f90a3b91269a286c) Importer(815301076,1909f56bfc062723c751e8b465ee728b)  -> (artifact id: 'f6569af8177b37ce96dc3e463a4b13e1') in 0.009869 seconds
  Import took 0.048158 seconds .

========================================================================
Received Import Request.
  Time since last request: 34.312663 seconds.
  path: Assets/Art/Planets and Background/blue-planet.png
  artifactKey: Guid(8ff5851d96e353540b1e6d34f6dafe7b) Importer(815301076,1909f56bfc062723c751e8b465ee728b)
Start importing Assets/Art/Planets and Background/blue-planet.png using Guid(8ff5851d96e353540b1e6d34f6dafe7b) Importer(815301076,1909f56bfc062723c751e8b465ee728b)  -> (artifact id: '8920d7a3f4f26e06e1b1838b18c62307') in 0.056898 seconds
  Import took 0.087843 seconds .

========================================================================
Received Import Request.
  Time since last request: 0.000575 seconds.
  path: Assets/Art/Planets and Background/blue-planet.png
  artifactKey: Guid(8ff5851d96e353540b1e6d34f6dafe7b) Importer(815301076,1909f56bfc062723c751e8b465ee728b)
Start importing Assets/Art/Planets and Background/blue-planet.png using Guid(8ff5851d96e353540b1e6d34f6dafe7b) Importer(815301076,1909f56bfc062723c751e8b465ee728b)  -> (artifact id: '8920d7a3f4f26e06e1b1838b18c62307') in 0.041005 seconds
  Import took 0.050565 seconds .

========================================================================
Received Import Request.
  Time since last request: 809.450809 seconds.
  path: Assets/Art/Planets and Background/Sun.png
  artifactKey: Guid(d1633d80f997845418c21db664ba138f) Importer(815301076,1909f56bfc062723c751e8b465ee728b)
Start importing Assets/Art/Planets and Background/Sun.png using Guid(d1633d80f997845418c21db664ba138f) Importer(815301076,1909f56bfc062723c751e8b465ee728b)  -> (artifact id: '3e41861c76136da4f669b3ed3929653f') in 0.029439 seconds
  Import took 0.036786 seconds .

========================================================================
Received Import Request.
  Time since last request: 12.792340 seconds.
  path: Assets/Art/Planets and Background/cyan-planet.png
  artifactKey: Guid(1eebe61fa30929248bdcda4d7c3c51ec) Importer(815301076,1909f56bfc062723c751e8b465ee728b)
Start importing Assets/Art/Planets and Background/cyan-planet.png using Guid(1eebe61fa30929248bdcda4d7c3c51ec) Importer(815301076,1909f56bfc062723c751e8b465ee728b)  -> (artifact id: 'c0e5c4d80873ec28b28b6ee96c3c5de1') in 0.042936 seconds
  Import took 0.050091 seconds .

========================================================================
Received Import Request.
  Time since last request: 0.000269 seconds.
  path: Assets/Art/Planets and Background/Dark-PLanet.png
  artifactKey: Guid(709f6dc460a0f30408be2662721887c0) Importer(815301076,1909f56bfc062723c751e8b465ee728b)
Start importing Assets/Art/Planets and Background/Dark-PLanet.png using Guid(709f6dc460a0f30408be2662721887c0) Importer(815301076,1909f56bfc062723c751e8b465ee728b)  -> (artifact id: 'ea237251c3a4e7befe45e75c95d4a58e') in 0.032708 seconds
  Import took 0.039362 seconds .

========================================================================
Received Import Request.
  Time since last request: 10.076810 seconds.
  path: Assets/Art/Planets and Background/Sun.png
  artifactKey: Guid(d1633d80f997845418c21db664ba138f) Importer(815301076,1909f56bfc062723c751e8b465ee728b)
Start importing Assets/Art/Planets and Background/Sun.png using Guid(d1633d80f997845418c21db664ba138f) Importer(815301076,1909f56bfc062723c751e8b465ee728b)  -> (artifact id: '255c7f10585d3ad7cc285e9d395f4d6e') in 0.020532 seconds
  Import took 0.043370 seconds .

========================================================================
Received Import Request.
  Time since last request: 19.148400 seconds.
  path: Assets/URP/UnlitPlanetEmissive.shadergraph
  artifactKey: Guid(3be664cd2dd373f4f90a3b91269a286c) Importer(815301076,1909f56bfc062723c751e8b465ee728b)
Start importing Assets/URP/UnlitPlanetEmissive.shadergraph using Guid(3be664cd2dd373f4f90a3b91269a286c) Importer(815301076,1909f56bfc062723c751e8b465ee728b)  -> (artifact id: '31e76443b3d5b8b9aa0ab25eb658f293') in 0.005542 seconds
  Import took 0.029139 seconds .

========================================================================
Received Import Request.
  Time since last request: 0.008151 seconds.
  path: Assets/URP/UnlitPlanetEmissive.shadergraph
  artifactKey: Guid(3be664cd2dd373f4f90a3b91269a286c) Importer(815301076,1909f56bfc062723c751e8b465ee728b)
Start importing Assets/URP/UnlitPlanetEmissive.shadergraph using Guid(3be664cd2dd373f4f90a3b91269a286c) Importer(815301076,1909f56bfc062723c751e8b465ee728b)  -> (artifact id: '31e76443b3d5b8b9aa0ab25eb658f293') in 0.005049 seconds
  Import took 0.011704 seconds .

========================================================================
Received Import Request.
  Time since last request: 43.055425 seconds.
  path: Assets/URP/UnlitPlanetEmissive.shadergraph
  artifactKey: Guid(3be664cd2dd373f4f90a3b91269a286c) Importer(815301076,1909f56bfc062723c751e8b465ee728b)
Start importing Assets/URP/UnlitPlanetEmissive.shadergraph using Guid(3be664cd2dd373f4f90a3b91269a286c) Importer(815301076,1909f56bfc062723c751e8b465ee728b)  -> (artifact id: 'ecf1e4e07ffb518c68c1b3931809bbe6') in 0.004292 seconds
  Import took 0.010153 seconds .

========================================================================
Received Import Request.
  Time since last request: 545.559067 seconds.
  path: Assets/Prefabs/PlanetPrefab.prefab
  artifactKey: Guid(f7824c0fd0c2fb44498d9d2ab72410bf) Importer(815301076,1909f56bfc062723c751e8b465ee728b)
Start importing Assets/Prefabs/PlanetPrefab.prefab using Guid(f7824c0fd0c2fb44498d9d2ab72410bf) Importer(815301076,1909f56bfc062723c751e8b465ee728b)  -> (artifact id: 'c5425659b13574492fcd6303e9a1d7cf') in 0.049653 seconds
  Import took 0.062998 seconds .

========================================================================
Received Import Request.
  Time since last request: 289.902720 seconds.
  path: Assets/Prefabs/PlanetPrefab.prefab
  artifactKey: Guid(f7824c0fd0c2fb44498d9d2ab72410bf) Importer(815301076,1909f56bfc062723c751e8b465ee728b)
Start importing Assets/Prefabs/PlanetPrefab.prefab using Guid(f7824c0fd0c2fb44498d9d2ab72410bf) Importer(815301076,1909f56bfc062723c751e8b465ee728b)  -> (artifact id: '217c649cf369df04d5c31b9fc6b768d3') in 0.019358 seconds
  Import took 0.044110 seconds .

========================================================================
Received Prepare
Registering precompiled user dll's ...
Registered in 0.001780 seconds.
Begin MonoManager ReloadAssembly
Native extension for WindowsStandalone target not found
Native extension for WebGL target not found
Refreshing native plugins compatible for Editor in 0.73 ms, found 1 plugins.
Preloading 0 native plugins for Editor in 0.00 ms.
Invoked RoslynAnalysisRunner static constructor.
RoslynAnalysisRunner will not be running.
RoslynAnalysisRunner has terminated.
Mono: successfully reloaded assembly
- Completed reload, in  1.440 seconds
Platform modules already initialized, skipping
Shader 'Universal Render Pipeline/Particles/Lit': fallback shader 'Universal Render Pipeline/Particles/SimpleLit' not found
Refreshing native plugins compatible for Editor in 0.70 ms, found 1 plugins.
Preloading 0 native plugins for Editor in 0.00 ms.
Unloading 2876 Unused Serialized files (Serialized files now loaded: 0)
System memory in use before: 130.9 MB.
System memory in use after: 131.1 MB.

Unloading 13 unused Assets to reduce memory usage. Loaded Objects now: 3426.
Total: 3.382000 ms (FindLiveObjects: 0.310300 ms CreateObjectMapping: 0.113300 ms MarkObjects: 2.799800 ms  DeleteObjects: 0.157200 ms)

========================================================================
Received Import Request.
  Time since last request: 83.687452 seconds.
  path: Assets/Prefabs/PlanetPrefab.prefab
  artifactKey: Guid(f7824c0fd0c2fb44498d9d2ab72410bf) Importer(815301076,1909f56bfc062723c751e8b465ee728b)
Start importing Assets/Prefabs/PlanetPrefab.prefab using Guid(f7824c0fd0c2fb44498d9d2ab72410bf) Importer(815301076,1909f56bfc062723c751e8b465ee728b)  -> (artifact id: 'f6d8cd570a9cda531829f086234f9eee') in 0.327337 seconds
  Import took 0.347118 seconds .

========================================================================
Received Prepare
Registering precompiled user dll's ...
Registered in 0.002511 seconds.
Begin MonoManager ReloadAssembly
Native extension for WindowsStandalone target not found
Native extension for WebGL target not found
Refreshing native plugins compatible for Editor in 0.74 ms, found 1 plugins.
Preloading 0 native plugins for Editor in 0.00 ms.
Invoked RoslynAnalysisRunner static constructor.
RoslynAnalysisRunner will not be running.
RoslynAnalysisRunner has terminated.
Mono: successfully reloaded assembly
- Completed reload, in  1.662 seconds
Platform modules already initialized, skipping
Shader 'Universal Render Pipeline/Particles/Lit': fallback shader 'Universal Render Pipeline/Particles/SimpleLit' not found
Refreshing native plugins compatible for Editor in 0.74 ms, found 1 plugins.
Preloading 0 native plugins for Editor in 0.00 ms.
Unloading 2827 Unused Serialized files (Serialized files now loaded: 0)
System memory in use before: 132.6 MB.
System memory in use after: 132.7 MB.

Unloading 13 unused Assets to reduce memory usage. Loaded Objects now: 3468.
Total: 4.809000 ms (FindLiveObjects: 1.003600 ms CreateObjectMapping: 0.650300 ms MarkObjects: 2.998800 ms  DeleteObjects: 0.152800 ms)

========================================================================
Received Import Request.
  Time since last request: 275.177702 seconds.
  path: Assets/Art/Kenney.nl/Particles Pack/Unity samples
  artifactKey: Guid(29019bbf31a50a240b89e48f43638f49) Importer(815301076,1909f56bfc062723c751e8b465ee728b)
Start importing Assets/Art/Kenney.nl/Particles Pack/Unity samples using Guid(29019bbf31a50a240b89e48f43638f49) Importer(815301076,1909f56bfc062723c751e8b465ee728b)  -> (artifact id: '0c9887b5613b55cfa548337aac4d9cd4') in 0.015801 seconds
  Import took 0.027703 seconds .

