Using pre-set license
Built from '2020.2/release' branch; Version is '2020.2.1f1 (270dd8c3da1c) revision 2559448'; Using compiler version '192528614'; Build Type 'Release'
OS: 'Windows 10  (10.0.0) 64bit' Language: 'en' Physical Memory: 8104 MB
BatchMode: 1, IsHumanControllingUs: 0, StartBugReporterOnCrash: 0, Is64bit: 1, IsPro: 0

 COMMAND LINE ARGUMENTS:
D:\Unity\2020.2.1f1\Editor\Unity.exe
-adb2
-batchMode
-noUpm
-name
AssetImportWorker1
-projectPath
D:/Main Folder/Game Dev/unity_projects/unity_final/The-Smallest-Mailman/mailman
-logFile
Logs/AssetImportWorker1.log
-srvPort
56490
Successfully changed project path to: D:/Main Folder/Game Dev/unity_projects/unity_final/The-Smallest-Mailman/mailman
D:/Main Folder/Game Dev/unity_projects/unity_final/The-Smallest-Mailman/mailman
Using Asset Import Pipeline V2.
Refreshing native plugins compatible for Editor in 135.37 ms, found 1 plugins.
Preloading 0 native plugins for Editor in 0.00 ms.
Initialize engine version: 2020.2.1f1 (270dd8c3da1c)
[Subsystems] Discovering subsystems at path D:/Unity/2020.2.1f1/Editor/Data/Resources/UnitySubsystems
[Subsystems] Discovering subsystems at path D:/Main Folder/Game Dev/unity_projects/unity_final/The-Smallest-Mailman/mailman/Assets
GfxDevice: creating device client; threaded=0
Direct3D:
    Version:  Direct3D 11.0 [level 11.0]
    Renderer: NVIDIA GeForce GTX 560 Ti (ID=0x1200)
    Vendor:   
    VRAM:     969 MB
    Driver:   23.21.13.9135
Shader 'Universal Render Pipeline/Particles/Lit': fallback shader 'Universal Render Pipeline/Particles/SimpleLit' not found
Initialize mono
Mono path[0] = 'D:/Unity/2020.2.1f1/Editor/Data/Managed'
Mono path[1] = 'D:/Unity/2020.2.1f1/Editor/Data/MonoBleedingEdge/lib/mono/unityjit'
Mono config path = 'D:/Unity/2020.2.1f1/Editor/Data/MonoBleedingEdge/etc'
Using monoOptions --debugger-agent=transport=dt_socket,embedding=1,server=y,suspend=n,address=127.0.0.1:56060
Begin MonoManager ReloadAssembly
Registering precompiled unity dll's ...
Register platform support module: D:/Unity/2020.2.1f1/Editor/Data/PlaybackEngines/WebGLSupport/UnityEditor.WebGL.Extensions.dll
Register platform support module: D:/Unity/2020.2.1f1/Editor/Data/PlaybackEngines/WindowsStandaloneSupport/UnityEditor.WindowsStandalone.Extensions.dll
Registered in 0.001818 seconds.
Native extension for WindowsStandalone target not found
Native extension for WebGL target not found
Refreshing native plugins compatible for Editor in 87.48 ms, found 1 plugins.
Preloading 0 native plugins for Editor in 0.00 ms.
Invoked RoslynAnalysisRunner static constructor.
RoslynAnalysisRunner will not be running.
RoslynAnalysisRunner has terminated.
Mono: successfully reloaded assembly
- Completed reload, in  2.611 seconds
Platform modules already initialized, skipping
Registering precompiled user dll's ...
Registered in 0.001922 seconds.
Begin MonoManager ReloadAssembly
Native extension for WindowsStandalone target not found
Native extension for WebGL target not found
Refreshing native plugins compatible for Editor in 95.81 ms, found 1 plugins.
Preloading 0 native plugins for Editor in 0.00 ms.
Invoked RoslynAnalysisRunner static constructor.
RoslynAnalysisRunner will not be running.
RoslynAnalysisRunner has terminated.
Mono: successfully reloaded assembly
- Completed reload, in  1.823 seconds
Platform modules already initialized, skipping
========================================================================
Worker process is ready to serve import requests
Shader 'Universal Render Pipeline/Particles/Lit': fallback shader 'Universal Render Pipeline/Particles/SimpleLit' not found
Launched and connected shader compiler UnityShaderCompiler.exe after 0.13 seconds
Refreshing native plugins compatible for Editor in 0.96 ms, found 1 plugins.
Preloading 0 native plugins for Editor in 0.00 ms.
Unloading 2951 Unused Serialized files (Serialized files now loaded: 0)
System memory in use before: 134.1 MB.
System memory in use after: 134.2 MB.

Unloading 24 unused Assets to reduce memory usage. Loaded Objects now: 3395.
Total: 3.665400 ms (FindLiveObjects: 0.372500 ms CreateObjectMapping: 0.122900 ms MarkObjects: 3.019100 ms  DeleteObjects: 0.148700 ms)

========================================================================
Received Import Request.
  path: Assets/Art/Kenney.nl/Fish Pack/PNG/Default size
  artifactKey: Guid(d06d2d6294bfa5a4880ce119f032c073) Importer(815301076,1909f56bfc062723c751e8b465ee728b)
Start importing Assets/Art/Kenney.nl/Fish Pack/PNG/Default size using Guid(d06d2d6294bfa5a4880ce119f032c073) Importer(815301076,1909f56bfc062723c751e8b465ee728b)  -> (artifact id: 'e1cfc48d52860195a6a238729eaa8d31') in 0.057660 seconds
  Import took 0.092386 seconds .

========================================================================
Received Import Request.
  Time since last request: 173.896633 seconds.
  path: Assets/Art/Kenney.nl/Space Shooter Redux/PNG/Meteors
  artifactKey: Guid(a76ea77d15201494eba775807f1a88da) Importer(815301076,1909f56bfc062723c751e8b465ee728b)
Start importing Assets/Art/Kenney.nl/Space Shooter Redux/PNG/Meteors using Guid(a76ea77d15201494eba775807f1a88da) Importer(815301076,1909f56bfc062723c751e8b465ee728b)  -> (artifact id: '08963a73b405495001526a0f5205535b') in 0.012667 seconds
  Import took 0.083941 seconds .

========================================================================
Received Import Request.
  Time since last request: 111.603989 seconds.
  path: ProjectSettings/TagManager.asset
  artifactKey: Guid(00000000000000003000000000000000) Importer(815301076,1909f56bfc062723c751e8b465ee728b)
Start importing ProjectSettings/TagManager.asset using Guid(00000000000000003000000000000000) Importer(815301076,1909f56bfc062723c751e8b465ee728b)  -> (artifact id: '9d97f9874c069e136be23756cc1c27a0') in 0.059108 seconds
  Import took 0.095430 seconds .

========================================================================
Received Import Request.
  Time since last request: 59.334057 seconds.
  path: Assets/Prefabs/meteorPrefab.prefab
  artifactKey: Guid(bef5d7e3fc1bd3a4395f3a9ba31aaa08) Importer(815301076,1909f56bfc062723c751e8b465ee728b)
Start importing Assets/Prefabs/meteorPrefab.prefab using Guid(bef5d7e3fc1bd3a4395f3a9ba31aaa08) Importer(815301076,1909f56bfc062723c751e8b465ee728b)  -> (artifact id: 'f3a2650acc3f5152b48fede534e99092') in 0.618611 seconds
  Import took 0.673277 seconds .

========================================================================
Received Prepare
Registering precompiled user dll's ...
Registered in 0.001836 seconds.
Begin MonoManager ReloadAssembly
Native extension for WindowsStandalone target not found
Native extension for WebGL target not found
Refreshing native plugins compatible for Editor in 0.92 ms, found 1 plugins.
Preloading 0 native plugins for Editor in 0.00 ms.
Invoked RoslynAnalysisRunner static constructor.
RoslynAnalysisRunner will not be running.
RoslynAnalysisRunner has terminated.
Mono: successfully reloaded assembly
- Completed reload, in  1.971 seconds
Platform modules already initialized, skipping
Shader 'Universal Render Pipeline/Particles/Lit': fallback shader 'Universal Render Pipeline/Particles/SimpleLit' not found
Refreshing native plugins compatible for Editor in 0.76 ms, found 1 plugins.
Preloading 0 native plugins for Editor in 0.00 ms.
Unloading 2829 Unused Serialized files (Serialized files now loaded: 0)
System memory in use before: 132.5 MB.
System memory in use after: 132.6 MB.

Unloading 13 unused Assets to reduce memory usage. Loaded Objects now: 3444.
Total: 3.262900 ms (FindLiveObjects: 0.312000 ms CreateObjectMapping: 0.149300 ms MarkObjects: 2.682000 ms  DeleteObjects: 0.118100 ms)

========================================================================
Received Prepare
Registering precompiled user dll's ...
Registered in 0.014016 seconds.
Begin MonoManager ReloadAssembly
Native extension for WindowsStandalone target not found
Native extension for WebGL target not found
Refreshing native plugins compatible for Editor in 0.78 ms, found 1 plugins.
Preloading 0 native plugins for Editor in 0.00 ms.
Invoked RoslynAnalysisRunner static constructor.
RoslynAnalysisRunner will not be running.
RoslynAnalysisRunner has terminated.
Mono: successfully reloaded assembly
- Completed reload, in  1.318 seconds
Platform modules already initialized, skipping
Shader 'Universal Render Pipeline/Particles/Lit': fallback shader 'Universal Render Pipeline/Particles/SimpleLit' not found
Refreshing native plugins compatible for Editor in 0.77 ms, found 1 plugins.
Preloading 0 native plugins for Editor in 0.00 ms.
Unloading 2829 Unused Serialized files (Serialized files now loaded: 0)
System memory in use before: 133.5 MB.
System memory in use after: 133.7 MB.

Unloading 12 unused Assets to reduce memory usage. Loaded Objects now: 3447.
Total: 2.933200 ms (FindLiveObjects: 0.306000 ms CreateObjectMapping: 0.110600 ms MarkObjects: 2.410100 ms  DeleteObjects: 0.104900 ms)

========================================================================
Received Import Request.
  Time since last request: 58.573140 seconds.
  path: Assets/Prefabs/meteorPrefab.prefab
  artifactKey: Guid(bef5d7e3fc1bd3a4395f3a9ba31aaa08) Importer(815301076,1909f56bfc062723c751e8b465ee728b)
Start importing Assets/Prefabs/meteorPrefab.prefab using Guid(bef5d7e3fc1bd3a4395f3a9ba31aaa08) Importer(815301076,1909f56bfc062723c751e8b465ee728b)  -> (artifact id: '926a083b3db0d5a51328b99c4c0c34d3') in 0.225776 seconds
  Import took 0.260912 seconds .

========================================================================
Received Import Request.
  Time since last request: 0.000308 seconds.
  path: Assets/Scripts/harmPlayer.cs
  artifactKey: Guid(417f02a1cfb92b34c813f29c59e5efff) Importer(815301076,1909f56bfc062723c751e8b465ee728b)
Start importing Assets/Scripts/harmPlayer.cs using Guid(417f02a1cfb92b34c813f29c59e5efff) Importer(815301076,1909f56bfc062723c751e8b465ee728b)  -> (artifact id: '8c503e86d240cccac8e5d355503989fa') in 0.016431 seconds
  Import took 0.033967 seconds .

========================================================================
Received Prepare
Registering precompiled user dll's ...
Registered in 0.017383 seconds.
Begin MonoManager ReloadAssembly
Native extension for WindowsStandalone target not found
Native extension for WebGL target not found
Refreshing native plugins compatible for Editor in 0.74 ms, found 1 plugins.
Preloading 0 native plugins for Editor in 0.00 ms.
Invoked RoslynAnalysisRunner static constructor.
RoslynAnalysisRunner will not be running.
RoslynAnalysisRunner has terminated.
Mono: successfully reloaded assembly
- Completed reload, in  1.369 seconds
Platform modules already initialized, skipping
Shader 'Universal Render Pipeline/Particles/Lit': fallback shader 'Universal Render Pipeline/Particles/SimpleLit' not found
Refreshing native plugins compatible for Editor in 0.77 ms, found 1 plugins.
Preloading 0 native plugins for Editor in 0.00 ms.
Unloading 2829 Unused Serialized files (Serialized files now loaded: 0)
System memory in use before: 133.7 MB.
System memory in use after: 133.8 MB.

Unloading 12 unused Assets to reduce memory usage. Loaded Objects now: 3486.
Total: 4.048000 ms (FindLiveObjects: 0.309800 ms CreateObjectMapping: 0.114500 ms MarkObjects: 3.502000 ms  DeleteObjects: 0.119800 ms)

========================================================================
Received Prepare
Registering precompiled user dll's ...
Registered in 0.001814 seconds.
Begin MonoManager ReloadAssembly
Native extension for WindowsStandalone target not found
Native extension for WebGL target not found
Refreshing native plugins compatible for Editor in 0.78 ms, found 1 plugins.
Preloading 0 native plugins for Editor in 0.00 ms.
Invoked RoslynAnalysisRunner static constructor.
RoslynAnalysisRunner will not be running.
RoslynAnalysisRunner has terminated.
Mono: successfully reloaded assembly
- Completed reload, in  1.356 seconds
Platform modules already initialized, skipping
Shader 'Universal Render Pipeline/Particles/Lit': fallback shader 'Universal Render Pipeline/Particles/SimpleLit' not found
Refreshing native plugins compatible for Editor in 0.74 ms, found 1 plugins.
Preloading 0 native plugins for Editor in 0.00 ms.
Unloading 2829 Unused Serialized files (Serialized files now loaded: 0)
System memory in use before: 133.7 MB.
System memory in use after: 133.8 MB.

Unloading 12 unused Assets to reduce memory usage. Loaded Objects now: 3489.
Total: 3.787100 ms (FindLiveObjects: 0.299800 ms CreateObjectMapping: 0.116500 ms MarkObjects: 3.240200 ms  DeleteObjects: 0.128800 ms)

========================================================================
Received Import Request.
  Time since last request: 87.041813 seconds.
  path: Assets/Scripts/HarmPlayer.cs
  artifactKey: Guid(417f02a1cfb92b34c813f29c59e5efff) Importer(815301076,1909f56bfc062723c751e8b465ee728b)
Start importing Assets/Scripts/HarmPlayer.cs using Guid(417f02a1cfb92b34c813f29c59e5efff) Importer(815301076,1909f56bfc062723c751e8b465ee728b)  -> (artifact id: 'a846fbbe871f0c36f61ba830b5597e26') in 0.014613 seconds
  Import took 0.038551 seconds .

========================================================================
Received Prepare
Registering precompiled user dll's ...
Registered in 0.017025 seconds.
Begin MonoManager ReloadAssembly
Native extension for WindowsStandalone target not found
Native extension for WebGL target not found
Refreshing native plugins compatible for Editor in 0.96 ms, found 1 plugins.
Preloading 0 native plugins for Editor in 0.00 ms.
Invoked RoslynAnalysisRunner static constructor.
RoslynAnalysisRunner will not be running.
RoslynAnalysisRunner has terminated.
Mono: successfully reloaded assembly
- Completed reload, in  1.353 seconds
Platform modules already initialized, skipping
Shader 'Universal Render Pipeline/Particles/Lit': fallback shader 'Universal Render Pipeline/Particles/SimpleLit' not found
Refreshing native plugins compatible for Editor in 0.83 ms, found 1 plugins.
Preloading 0 native plugins for Editor in 0.00 ms.
Unloading 2829 Unused Serialized files (Serialized files now loaded: 0)
System memory in use before: 133.7 MB.
System memory in use after: 133.8 MB.

Unloading 12 unused Assets to reduce memory usage. Loaded Objects now: 3492.
Total: 3.170900 ms (FindLiveObjects: 0.357400 ms CreateObjectMapping: 0.112800 ms MarkObjects: 2.532500 ms  DeleteObjects: 0.166800 ms)

========================================================================
Received Prepare
Registering precompiled user dll's ...
Registered in 0.002051 seconds.
Begin MonoManager ReloadAssembly
Native extension for WindowsStandalone target not found
Native extension for WebGL target not found
Refreshing native plugins compatible for Editor in 0.73 ms, found 1 plugins.
Preloading 0 native plugins for Editor in 0.00 ms.
Invoked RoslynAnalysisRunner static constructor.
RoslynAnalysisRunner will not be running.
RoslynAnalysisRunner has terminated.
Mono: successfully reloaded assembly
- Completed reload, in  1.267 seconds
Platform modules already initialized, skipping
Shader 'Universal Render Pipeline/Particles/Lit': fallback shader 'Universal Render Pipeline/Particles/SimpleLit' not found
Refreshing native plugins compatible for Editor in 0.75 ms, found 1 plugins.
Preloading 0 native plugins for Editor in 0.00 ms.
Unloading 2829 Unused Serialized files (Serialized files now loaded: 0)
System memory in use before: 134.5 MB.
System memory in use after: 134.7 MB.

Unloading 12 unused Assets to reduce memory usage. Loaded Objects now: 3495.
Total: 3.357100 ms (FindLiveObjects: 0.350100 ms CreateObjectMapping: 0.112400 ms MarkObjects: 2.778200 ms  DeleteObjects: 0.114500 ms)

========================================================================
Received Prepare
Registering precompiled user dll's ...
Registered in 0.001913 seconds.
Begin MonoManager ReloadAssembly
Native extension for WindowsStandalone target not found
Native extension for WebGL target not found
Refreshing native plugins compatible for Editor in 0.81 ms, found 1 plugins.
Preloading 0 native plugins for Editor in 0.00 ms.
Invoked RoslynAnalysisRunner static constructor.
RoslynAnalysisRunner will not be running.
RoslynAnalysisRunner has terminated.
Mono: successfully reloaded assembly
- Completed reload, in  1.547 seconds
Platform modules already initialized, skipping
Shader 'Universal Render Pipeline/Particles/Lit': fallback shader 'Universal Render Pipeline/Particles/SimpleLit' not found
Refreshing native plugins compatible for Editor in 0.78 ms, found 1 plugins.
Preloading 0 native plugins for Editor in 0.00 ms.
Unloading 2829 Unused Serialized files (Serialized files now loaded: 0)
System memory in use before: 133.7 MB.
System memory in use after: 133.9 MB.

Unloading 12 unused Assets to reduce memory usage. Loaded Objects now: 3498.
Total: 3.905600 ms (FindLiveObjects: 0.324500 ms CreateObjectMapping: 0.115000 ms MarkObjects: 3.345500 ms  DeleteObjects: 0.118400 ms)

========================================================================
Received Prepare
Registering precompiled user dll's ...
Registered in 0.001747 seconds.
Begin MonoManager ReloadAssembly
Native extension for WindowsStandalone target not found
Native extension for WebGL target not found
Refreshing native plugins compatible for Editor in 0.78 ms, found 1 plugins.
Preloading 0 native plugins for Editor in 0.00 ms.
Invoked RoslynAnalysisRunner static constructor.
RoslynAnalysisRunner will not be running.
RoslynAnalysisRunner has terminated.
Mono: successfully reloaded assembly
- Completed reload, in  1.309 seconds
Platform modules already initialized, skipping
Shader 'Universal Render Pipeline/Particles/Lit': fallback shader 'Universal Render Pipeline/Particles/SimpleLit' not found
Refreshing native plugins compatible for Editor in 0.75 ms, found 1 plugins.
Preloading 0 native plugins for Editor in 0.00 ms.
Unloading 2829 Unused Serialized files (Serialized files now loaded: 0)
System memory in use before: 133.7 MB.
System memory in use after: 133.9 MB.

Unloading 12 unused Assets to reduce memory usage. Loaded Objects now: 3501.
Total: 3.191200 ms (FindLiveObjects: 0.299800 ms CreateObjectMapping: 0.115100 ms MarkObjects: 2.649800 ms  DeleteObjects: 0.124800 ms)

========================================================================
Received Import Request.
  Time since last request: 518.957369 seconds.
  path: Assets/Prefabs/meteorPrefab.prefab
  artifactKey: Guid(bef5d7e3fc1bd3a4395f3a9ba31aaa08) Importer(815301076,1909f56bfc062723c751e8b465ee728b)
Start importing Assets/Prefabs/meteorPrefab.prefab using Guid(bef5d7e3fc1bd3a4395f3a9ba31aaa08) Importer(815301076,1909f56bfc062723c751e8b465ee728b)  -> (artifact id: 'bff02221d9f57e7f6fa7f4abd87f422e') in 0.279808 seconds
  Import took 0.338657 seconds .

========================================================================
Received Import Request.
  Time since last request: 3.707864 seconds.
  path: Assets/Prefabs/meteorPrefab.prefab
  artifactKey: Guid(bef5d7e3fc1bd3a4395f3a9ba31aaa08) Importer(815301076,1909f56bfc062723c751e8b465ee728b)
Start importing Assets/Prefabs/meteorPrefab.prefab using Guid(bef5d7e3fc1bd3a4395f3a9ba31aaa08) Importer(815301076,1909f56bfc062723c751e8b465ee728b)  -> (artifact id: '77d82ded2372c75c7a3f607c1eadf165') in 0.013790 seconds
  Import took 0.049536 seconds .

========================================================================
Received Import Request.
  Time since last request: 0.016463 seconds.
  path: Assets/Prefabs/meteorPrefab.prefab
  artifactKey: Guid(bef5d7e3fc1bd3a4395f3a9ba31aaa08) Importer(815301076,1909f56bfc062723c751e8b465ee728b)
Start importing Assets/Prefabs/meteorPrefab.prefab using Guid(bef5d7e3fc1bd3a4395f3a9ba31aaa08) Importer(815301076,1909f56bfc062723c751e8b465ee728b)  -> (artifact id: '77d82ded2372c75c7a3f607c1eadf165') in 0.011537 seconds
  Import took 0.050506 seconds .

========================================================================
Received Import Request.
  Time since last request: 0.043987 seconds.
  path: Assets/Prefabs/meteorPrefab.prefab
  artifactKey: Guid(bef5d7e3fc1bd3a4395f3a9ba31aaa08) Importer(815301076,1909f56bfc062723c751e8b465ee728b)
Start importing Assets/Prefabs/meteorPrefab.prefab using Guid(bef5d7e3fc1bd3a4395f3a9ba31aaa08) Importer(815301076,1909f56bfc062723c751e8b465ee728b)  -> (artifact id: '081a04ac919242b3956218e162da9b2f') in 0.019678 seconds
  Import took 0.037592 seconds .

========================================================================
Received Import Request.
  Time since last request: 0.762879 seconds.
  path: Assets/Prefabs/meteorPrefab.prefab
  artifactKey: Guid(bef5d7e3fc1bd3a4395f3a9ba31aaa08) Importer(815301076,1909f56bfc062723c751e8b465ee728b)
Start importing Assets/Prefabs/meteorPrefab.prefab using Guid(bef5d7e3fc1bd3a4395f3a9ba31aaa08) Importer(815301076,1909f56bfc062723c751e8b465ee728b)  -> (artifact id: '0ea4e2490e87e985fee558f4738416ad') in 0.020323 seconds
  Import took 0.048168 seconds .

========================================================================
Received Prepare
Registering precompiled user dll's ...
Registered in 0.001813 seconds.
Begin MonoManager ReloadAssembly
Native extension for WindowsStandalone target not found
Native extension for WebGL target not found
Refreshing native plugins compatible for Editor in 0.81 ms, found 1 plugins.
Preloading 0 native plugins for Editor in 0.00 ms.
Invoked RoslynAnalysisRunner static constructor.
RoslynAnalysisRunner will not be running.
RoslynAnalysisRunner has terminated.
Mono: successfully reloaded assembly
- Completed reload, in  1.280 seconds
Platform modules already initialized, skipping
Shader 'Universal Render Pipeline/Particles/Lit': fallback shader 'Universal Render Pipeline/Particles/SimpleLit' not found
Refreshing native plugins compatible for Editor in 0.81 ms, found 1 plugins.
Preloading 0 native plugins for Editor in 0.00 ms.
Unloading 2829 Unused Serialized files (Serialized files now loaded: 0)
System memory in use before: 133.8 MB.
System memory in use after: 134.0 MB.

Unloading 12 unused Assets to reduce memory usage. Loaded Objects now: 3540.
Total: 3.728600 ms (FindLiveObjects: 0.293900 ms CreateObjectMapping: 0.110900 ms MarkObjects: 3.209600 ms  DeleteObjects: 0.112600 ms)

========================================================================
Received Prepare
Registering precompiled user dll's ...
Registered in 0.001805 seconds.
Begin MonoManager ReloadAssembly
Native extension for WindowsStandalone target not found
Native extension for WebGL target not found
Refreshing native plugins compatible for Editor in 0.74 ms, found 1 plugins.
Preloading 0 native plugins for Editor in 0.00 ms.
Invoked RoslynAnalysisRunner static constructor.
RoslynAnalysisRunner will not be running.
RoslynAnalysisRunner has terminated.
Mono: successfully reloaded assembly
- Completed reload, in  1.366 seconds
Platform modules already initialized, skipping
Shader 'Universal Render Pipeline/Particles/Lit': fallback shader 'Universal Render Pipeline/Particles/SimpleLit' not found
Refreshing native plugins compatible for Editor in 0.76 ms, found 1 plugins.
Preloading 0 native plugins for Editor in 0.00 ms.
Unloading 2829 Unused Serialized files (Serialized files now loaded: 0)
System memory in use before: 133.8 MB.
System memory in use after: 134.0 MB.

Unloading 12 unused Assets to reduce memory usage. Loaded Objects now: 3543.
Total: 6.001800 ms (FindLiveObjects: 0.322600 ms CreateObjectMapping: 0.121200 ms MarkObjects: 5.433500 ms  DeleteObjects: 0.122500 ms)

========================================================================
Received Prepare
Registering precompiled user dll's ...
Registered in 0.001953 seconds.
Begin MonoManager ReloadAssembly
Native extension for WindowsStandalone target not found
Native extension for WebGL target not found
Refreshing native plugins compatible for Editor in 0.75 ms, found 1 plugins.
Preloading 0 native plugins for Editor in 0.00 ms.
Invoked RoslynAnalysisRunner static constructor.
RoslynAnalysisRunner will not be running.
RoslynAnalysisRunner has terminated.
Mono: successfully reloaded assembly
- Completed reload, in  1.326 seconds
Platform modules already initialized, skipping
Shader 'Universal Render Pipeline/Particles/Lit': fallback shader 'Universal Render Pipeline/Particles/SimpleLit' not found
Refreshing native plugins compatible for Editor in 0.74 ms, found 1 plugins.
Preloading 0 native plugins for Editor in 0.00 ms.
Unloading 2829 Unused Serialized files (Serialized files now loaded: 0)
System memory in use before: 133.8 MB.
System memory in use after: 134.0 MB.

Unloading 12 unused Assets to reduce memory usage. Loaded Objects now: 3546.
Total: 4.197100 ms (FindLiveObjects: 0.302600 ms CreateObjectMapping: 0.112100 ms MarkObjects: 3.665100 ms  DeleteObjects: 0.115600 ms)

========================================================================
Received Prepare
Registering precompiled user dll's ...
Registered in 0.001786 seconds.
Begin MonoManager ReloadAssembly
Native extension for WindowsStandalone target not found
Native extension for WebGL target not found
Refreshing native plugins compatible for Editor in 0.74 ms, found 1 plugins.
Preloading 0 native plugins for Editor in 0.00 ms.
Invoked RoslynAnalysisRunner static constructor.
RoslynAnalysisRunner will not be running.
RoslynAnalysisRunner has terminated.
Mono: successfully reloaded assembly
- Completed reload, in  1.264 seconds
Platform modules already initialized, skipping
Shader 'Universal Render Pipeline/Particles/Lit': fallback shader 'Universal Render Pipeline/Particles/SimpleLit' not found
Refreshing native plugins compatible for Editor in 0.75 ms, found 1 plugins.
Preloading 0 native plugins for Editor in 0.00 ms.
Unloading 2829 Unused Serialized files (Serialized files now loaded: 0)
System memory in use before: 133.9 MB.
System memory in use after: 134.0 MB.

Unloading 12 unused Assets to reduce memory usage. Loaded Objects now: 3549.
Total: 3.331300 ms (FindLiveObjects: 0.439600 ms CreateObjectMapping: 0.151600 ms MarkObjects: 2.625400 ms  DeleteObjects: 0.113300 ms)

========================================================================
Received Prepare
Registering precompiled user dll's ...
Registered in 0.001789 seconds.
Begin MonoManager ReloadAssembly
Native extension for WindowsStandalone target not found
Native extension for WebGL target not found
Refreshing native plugins compatible for Editor in 1.14 ms, found 1 plugins.
Preloading 0 native plugins for Editor in 0.00 ms.
Invoked RoslynAnalysisRunner static constructor.
RoslynAnalysisRunner will not be running.
RoslynAnalysisRunner has terminated.
Mono: successfully reloaded assembly
- Completed reload, in  1.299 seconds
Platform modules already initialized, skipping
Shader 'Universal Render Pipeline/Particles/Lit': fallback shader 'Universal Render Pipeline/Particles/SimpleLit' not found
Refreshing native plugins compatible for Editor in 0.88 ms, found 1 plugins.
Preloading 0 native plugins for Editor in 0.00 ms.
Unloading 2829 Unused Serialized files (Serialized files now loaded: 0)
System memory in use before: 133.9 MB.
System memory in use after: 134.0 MB.

Unloading 12 unused Assets to reduce memory usage. Loaded Objects now: 3552.
Total: 4.690000 ms (FindLiveObjects: 0.582200 ms CreateObjectMapping: 0.146600 ms MarkObjects: 3.724400 ms  DeleteObjects: 0.234500 ms)

========================================================================
Received Import Request.
  Time since last request: 488.907832 seconds.
  path: Assets/Prefabs/meteorPrefab.prefab
  artifactKey: Guid(bef5d7e3fc1bd3a4395f3a9ba31aaa08) Importer(815301076,1909f56bfc062723c751e8b465ee728b)
Start importing Assets/Prefabs/meteorPrefab.prefab using Guid(bef5d7e3fc1bd3a4395f3a9ba31aaa08) Importer(815301076,1909f56bfc062723c751e8b465ee728b)  -> (artifact id: 'fbcf8210d803ec9119c4e691e37adbd4') in 0.267656 seconds
  Import took 0.298360 seconds .

========================================================================
Received Prepare
Registering precompiled user dll's ...
Registered in 0.001737 seconds.
Begin MonoManager ReloadAssembly
Native extension for WindowsStandalone target not found
Native extension for WebGL target not found
Refreshing native plugins compatible for Editor in 1.00 ms, found 1 plugins.
Preloading 0 native plugins for Editor in 0.00 ms.
Invoked RoslynAnalysisRunner static constructor.
RoslynAnalysisRunner will not be running.
RoslynAnalysisRunner has terminated.
Mono: successfully reloaded assembly
- Completed reload, in  1.454 seconds
Platform modules already initialized, skipping
Shader 'Universal Render Pipeline/Particles/Lit': fallback shader 'Universal Render Pipeline/Particles/SimpleLit' not found
Refreshing native plugins compatible for Editor in 0.76 ms, found 1 plugins.
Preloading 0 native plugins for Editor in 0.00 ms.
Unloading 2829 Unused Serialized files (Serialized files now loaded: 0)
System memory in use before: 134.0 MB.
System memory in use after: 134.1 MB.

Unloading 12 unused Assets to reduce memory usage. Loaded Objects now: 3591.
Total: 3.951400 ms (FindLiveObjects: 0.372400 ms CreateObjectMapping: 0.135400 ms MarkObjects: 3.328100 ms  DeleteObjects: 0.113500 ms)

========================================================================
Received Prepare
Registering precompiled user dll's ...
Registered in 0.028216 seconds.
Begin MonoManager ReloadAssembly
Native extension for WindowsStandalone target not found
Native extension for WebGL target not found
Refreshing native plugins compatible for Editor in 0.74 ms, found 1 plugins.
Preloading 0 native plugins for Editor in 0.00 ms.
Invoked RoslynAnalysisRunner static constructor.
RoslynAnalysisRunner will not be running.
RoslynAnalysisRunner has terminated.
Mono: successfully reloaded assembly
- Completed reload, in  1.277 seconds
Platform modules already initialized, skipping
Shader 'Universal Render Pipeline/Particles/Lit': fallback shader 'Universal Render Pipeline/Particles/SimpleLit' not found
Refreshing native plugins compatible for Editor in 0.75 ms, found 1 plugins.
Preloading 0 native plugins for Editor in 0.00 ms.
Unloading 2829 Unused Serialized files (Serialized files now loaded: 0)
System memory in use before: 134.0 MB.
System memory in use after: 134.1 MB.

Unloading 12 unused Assets to reduce memory usage. Loaded Objects now: 3594.
Total: 3.906300 ms (FindLiveObjects: 0.577100 ms CreateObjectMapping: 0.146600 ms MarkObjects: 3.064200 ms  DeleteObjects: 0.116700 ms)

========================================================================
Received Prepare
Registering precompiled user dll's ...
Registered in 0.001728 seconds.
Begin MonoManager ReloadAssembly
Native extension for WindowsStandalone target not found
Native extension for WebGL target not found
Refreshing native plugins compatible for Editor in 0.74 ms, found 1 plugins.
Preloading 0 native plugins for Editor in 0.00 ms.
Invoked RoslynAnalysisRunner static constructor.
RoslynAnalysisRunner will not be running.
RoslynAnalysisRunner has terminated.
Mono: successfully reloaded assembly
- Completed reload, in  1.313 seconds
Platform modules already initialized, skipping
Shader 'Universal Render Pipeline/Particles/Lit': fallback shader 'Universal Render Pipeline/Particles/SimpleLit' not found
Refreshing native plugins compatible for Editor in 0.77 ms, found 1 plugins.
Preloading 0 native plugins for Editor in 0.00 ms.
Unloading 2829 Unused Serialized files (Serialized files now loaded: 0)
System memory in use before: 134.0 MB.
System memory in use after: 134.1 MB.

Unloading 12 unused Assets to reduce memory usage. Loaded Objects now: 3597.
Total: 3.447900 ms (FindLiveObjects: 0.359800 ms CreateObjectMapping: 0.135600 ms MarkObjects: 2.825200 ms  DeleteObjects: 0.125800 ms)

========================================================================
Received Prepare
Registering precompiled user dll's ...
Registered in 0.001804 seconds.
Begin MonoManager ReloadAssembly
Native extension for WindowsStandalone target not found
Native extension for WebGL target not found
Refreshing native plugins compatible for Editor in 0.73 ms, found 1 plugins.
Preloading 0 native plugins for Editor in 0.00 ms.
Invoked RoslynAnalysisRunner static constructor.
RoslynAnalysisRunner will not be running.
RoslynAnalysisRunner has terminated.
Mono: successfully reloaded assembly
- Completed reload, in  1.289 seconds
Platform modules already initialized, skipping
Shader 'Universal Render Pipeline/Particles/Lit': fallback shader 'Universal Render Pipeline/Particles/SimpleLit' not found
Refreshing native plugins compatible for Editor in 0.74 ms, found 1 plugins.
Preloading 0 native plugins for Editor in 0.00 ms.
Unloading 2829 Unused Serialized files (Serialized files now loaded: 0)
System memory in use before: 134.0 MB.
System memory in use after: 134.1 MB.

Unloading 12 unused Assets to reduce memory usage. Loaded Objects now: 3600.
Total: 3.550500 ms (FindLiveObjects: 0.335800 ms CreateObjectMapping: 0.119300 ms MarkObjects: 2.911000 ms  DeleteObjects: 0.182600 ms)

========================================================================
Received Prepare
Registering precompiled user dll's ...
Registered in 0.001780 seconds.
Begin MonoManager ReloadAssembly
Native extension for WindowsStandalone target not found
Native extension for WebGL target not found
Refreshing native plugins compatible for Editor in 1.02 ms, found 1 plugins.
Preloading 0 native plugins for Editor in 0.00 ms.
Invoked RoslynAnalysisRunner static constructor.
RoslynAnalysisRunner will not be running.
RoslynAnalysisRunner has terminated.
Mono: successfully reloaded assembly
- Completed reload, in  1.463 seconds
Platform modules already initialized, skipping
Shader 'Universal Render Pipeline/Particles/Lit': fallback shader 'Universal Render Pipeline/Particles/SimpleLit' not found
Refreshing native plugins compatible for Editor in 0.75 ms, found 1 plugins.
Preloading 0 native plugins for Editor in 0.00 ms.
Unloading 2829 Unused Serialized files (Serialized files now loaded: 0)
System memory in use before: 134.0 MB.
System memory in use after: 134.2 MB.

Unloading 12 unused Assets to reduce memory usage. Loaded Objects now: 3603.
Total: 5.773900 ms (FindLiveObjects: 0.788400 ms CreateObjectMapping: 0.222400 ms MarkObjects: 4.039800 ms  DeleteObjects: 0.721000 ms)

========================================================================
Received Prepare
Registering precompiled user dll's ...
Registered in 0.001882 seconds.
Begin MonoManager ReloadAssembly
Native extension for WindowsStandalone target not found
Native extension for WebGL target not found
Refreshing native plugins compatible for Editor in 0.79 ms, found 1 plugins.
Preloading 0 native plugins for Editor in 0.00 ms.
Invoked RoslynAnalysisRunner static constructor.
RoslynAnalysisRunner will not be running.
RoslynAnalysisRunner has terminated.
Mono: successfully reloaded assembly
- Completed reload, in  1.297 seconds
Platform modules already initialized, skipping
Shader 'Universal Render Pipeline/Particles/Lit': fallback shader 'Universal Render Pipeline/Particles/SimpleLit' not found
Refreshing native plugins compatible for Editor in 0.73 ms, found 1 plugins.
Preloading 0 native plugins for Editor in 0.00 ms.
Unloading 2829 Unused Serialized files (Serialized files now loaded: 0)
System memory in use before: 134.0 MB.
System memory in use after: 134.2 MB.

Unloading 12 unused Assets to reduce memory usage. Loaded Objects now: 3606.
Total: 4.091000 ms (FindLiveObjects: 0.342700 ms CreateObjectMapping: 0.121100 ms MarkObjects: 2.907500 ms  DeleteObjects: 0.718000 ms)

========================================================================
Received Import Request.
  Time since last request: 330.801330 seconds.
  path: Assets/Prefabs/meteorPrefab.prefab
  artifactKey: Guid(bef5d7e3fc1bd3a4395f3a9ba31aaa08) Importer(815301076,1909f56bfc062723c751e8b465ee728b)
Start importing Assets/Prefabs/meteorPrefab.prefab using Guid(bef5d7e3fc1bd3a4395f3a9ba31aaa08) Importer(815301076,1909f56bfc062723c751e8b465ee728b)  -> (artifact id: 'a121e289b11902907c48de0890a76af4') in 0.234845 seconds
  Import took 0.256043 seconds .

AssetImportWorkerClient::OnTransportError - code=2 error=End of file
